<?xml version="1.0" encoding="UTF-8"?>
<!-- Generated by org.testng.reporters.JUnitReportReporter -->
<testsuite hostname="DESKTOP-12H3LVK" failures="0" tests="1" name="genericuility_testcases.Contacts_usingdate" time="25.075" errors="0" timestamp="2025-05-05T10:03:29 IST" skipped="0">
  <testcase classname="genericuility_testcases.Contacts_usingdate" name="testcase1" time="25.075"/>
</testsuite> <!-- genericuility_testcases.Contacts_usingdate -->
