<?xml version="1.0" encoding="UTF-8"?>
<!-- Generated by org.testng.reporters.JUnitReportReporter -->
<testsuite hostname="DESKTOP-12H3LVK" failures="0" tests="1" name="advanced_selenium_basics.JsonreadingdataTest" time="0.032" errors="0" timestamp="2025-04-24T16:00:48 IST" skipped="0">
  <testcase classname="advanced_selenium_basics.JsonreadingdataTest" name="jsondata" time="0.032"/>
</testsuite> <!-- advanced_selenium_basics.JsonreadingdataTest -->
