<?xml version="1.0" encoding="UTF-8"?>
<!-- Generated by org.testng.reporters.JUnitReportReporter -->
<testsuite hostname="DESKTOP-12H3LVK" failures="0" tests="1" name="assignment.Waysto_Refreshing_page" time="9.576" errors="0" timestamp="2025-05-03T12:39:54 IST" skipped="0">
  <testcase classname="assignment.Waysto_Refreshing_page" name="using_robotclass" time="9.576"/>
</testsuite> <!-- assignment.Waysto_Refreshing_page -->
