<?xml version="1.0" encoding="UTF-8"?>
<!-- Generated by org.testng.reporters.JUnitReportReporter -->
<testsuite hostname="DESKTOP-12H3LVK" failures="0" tests="1" name="assignment.Irctc_checkbox" time="65.959" errors="0" timestamp="2025-04-26T12:02:06 IST" skipped="0">
  <testcase classname="assignment.Irctc_checkbox" name="irctc" time="65.959"/>
</testsuite> <!-- assignment.Irctc_checkbox -->
