<?xml version="1.0" encoding="UTF-8"?>
<!-- Generated by org.testng.reporters.JUnitReportReporter -->
<testsuite hostname="DESKTOP-12H3LVK" failures="0" tests="1" name="assignment.Webtablesdata" time="7.062" errors="0" timestamp="2025-05-03T15:36:58 IST" skipped="0">
  <testcase classname="assignment.Webtablesdata" name="fetchdataformultiplerows" time="7.062"/>
</testsuite> <!-- assignment.Webtablesdata -->
