<?xml version="1.0" encoding="UTF-8"?>
<!-- Generated by org.testng.reporters.JUnitReportReporter -->
<testsuite hostname="DESKTOP-12H3LVK" failures="0" tests="1" name="advanced_selenium_basics.Hrm_application" time="16.236" errors="0" timestamp="2025-05-02T11:48:30 IST" skipped="0">
  <testcase classname="advanced_selenium_basics.Hrm_application" name="addingemployee" time="16.236"/>
</testsuite> <!-- advanced_selenium_basics.Hrm_application -->
