<?xml version="1.0" encoding="UTF-8"?>
<!-- Generated by org.testng.reporters.JUnitReportReporter -->
<testsuite hostname="DESKTOP-12H3LVK" failures="0" tests="1" name="hrmapplication_TC.Adminend_adding_employeeTest" time="18.628" errors="0" timestamp="2025-05-12T14:53:11 IST" skipped="0">
  <testcase classname="hrmapplication_TC.Adminend_adding_employeeTest" name="addingemployee" time="18.628"/>
</testsuite> <!-- hrmapplication_TC.Adminend_adding_employeeTest -->
