<?xml version="1.0" encoding="UTF-8"?>
<!-- Generated by org.testng.reporters.JUnitReportReporter -->
<testsuite hostname="DESKTOP-12H3LVK" failures="0" tests="1" name="assignment.google_hambuger" time="11.345" errors="0" timestamp="2025-04-26T11:38:04 IST" skipped="0">
  <testcase classname="assignment.google_hambuger" name="text" time="11.345"/>
</testsuite> <!-- assignment.google_hambuger -->
