<?xml version="1.0" encoding="UTF-8"?>
<!-- Generated by org.testng.reporters.JUnitReportReporter -->
<testsuite hostname="DESKTOP-12H3LVK" failures="0" tests="1" name="genericuility_testcases.Org_testcase_01" time="29.202" errors="0" timestamp="2025-05-07T16:05:27 IST" skipped="0">
  <testcase classname="genericuility_testcases.Org_testcase_01" name="testcase1" time="29.202"/>
</testsuite> <!-- genericuility_testcases.Org_testcase_01 -->
