<?xml version="1.0" encoding="UTF-8"?>
<!-- Generated by org.testng.reporters.JUnitReportReporter -->
<testsuite hostname="DESKTOP-12H3LVK" failures="0" tests="1" name="advanced_selenium_basics.SelectQuery_Test" time="0.635" errors="0" timestamp="2025-05-19T16:12:45 IST" skipped="0">
  <testcase classname="advanced_selenium_basics.SelectQuery_Test" name="selectquery" time="0.635"/>
</testsuite> <!-- advanced_selenium_basics.SelectQuery_Test -->
