<?xml version="1.0" encoding="UTF-8"?>
<!-- Generated by org.testng.reporters.JUnitReportReporter -->
<testsuite hostname="DESKTOP-12H3LVK" failures="0" tests="1" name="advanced_selenium_basics.writedat_backto_excel" time="1.381" errors="0" timestamp="2025-04-28T12:22:07 IST" skipped="0">
  <testcase classname="advanced_selenium_basics.writedat_backto_excel" name="TC" time="1.381"/>
</testsuite> <!-- advanced_selenium_basics.writedat_backto_excel -->
