<?xml version="1.0" encoding="UTF-8"?>
<!-- Generated by org.testng.reporters.JUnitReportReporter -->
<testsuite hostname="DESKTOP-12H3LVK" failures="0" tests="1" name="advanced_selenium_basics.advanced_selenium_excelTest" time="1.221" errors="0" timestamp="2025-04-27T17:42:57 IST" skipped="0">
  <testcase classname="advanced_selenium_basics.advanced_selenium_excelTest" name="TC" time="1.221"/>
</testsuite> <!-- advanced_selenium_basics.advanced_selenium_excelTest -->
