<?xml version="1.0" encoding="UTF-8"?>
<!-- Generated by org.testng.reporters.JUnitReportReporter -->
<testsuite hostname="DESKTOP-12H3LVK" failures="0" tests="1" name="advanced_selenium_basics.Hrmlogin_usingXML" time="0.030" errors="0" timestamp="2025-04-28T11:34:22 IST" skipped="0">
  <testcase classname="advanced_selenium_basics.Hrmlogin_usingXML" name="loginadminTest" time="0.030"/>
</testsuite> <!-- advanced_selenium_basics.Hrmlogin_usingXML -->
