<?xml version="1.0" encoding="UTF-8"?>
<!-- Generated by org.testng.reporters.JUnitReportReporter -->
<testsuite hostname="DESKTOP-12H3LVK" failures="0" tests="1" name="advanced_selenium_basics.Dateandcalendar" time="0.129" errors="0" timestamp="2025-05-03T12:03:43 IST" skipped="0">
  <testcase classname="advanced_selenium_basics.Dateandcalendar" name="date" time="0.129"/>
</testsuite> <!-- advanced_selenium_basics.Dateandcalendar -->
