<?xml version="1.0" encoding="UTF-8"?>
<!-- Generated by org.testng.reporters.JUnitReportReporter -->
<testsuite hostname="DESKTOP-12H3LVK" failures="0" tests="1" name="assignment.irctcnew" time="14.876" errors="0" timestamp="2025-04-25T17:53:56 IST" skipped="0">
  <testcase classname="assignment.irctcnew" name="irctccheck" time="14.876"/>
</testsuite> <!-- assignment.irctcnew -->
