<?xml version="1.0" encoding="UTF-8"?>
<!-- Generated by org.testng.reporters.JUnitReportReporter -->
<testsuite hostname="DESKTOP-12H3LVK" failures="0" tests="1" name="dws_testcases.dws_RegisterTest" time="11.698" errors="0" timestamp="2025-04-17T13:04:07 IST" skipped="0">
  <testcase classname="dws_testcases.dws_RegisterTest" name="TC2" time="11.698"/>
</testsuite> <!-- dws_testcases.dws_RegisterTest -->
