<?xml version="1.0" encoding="UTF-8"?>
<!-- Generated by org.testng.reporters.JUnitReportReporter -->
<testsuite hostname="DESKTOP-12H3LVK" failures="0" tests="1" name="advanced_selenium_basics.Capturetimestamp" time="0.087" errors="0" timestamp="2025-05-15T12:00:01 IST" skipped="0">
  <testcase classname="advanced_selenium_basics.Capturetimestamp" name="ist" time="0.087"/>
</testsuite> <!-- advanced_selenium_basics.Capturetimestamp -->
