<?xml version="1.0" encoding="UTF-8"?>
<!-- Generated by org.testng.reporters.JUnitReportReporter -->
<testsuite hostname="DESKTOP-12H3LVK" failures="0" tests="1" name="advanced_selenium_basics.Adminlogin_using_XML" time="11.820" errors="0" timestamp="2025-04-26T14:47:25 IST" skipped="0">
  <testcase classname="advanced_selenium_basics.Adminlogin_using_XML" name="xmlfile" time="11.820"/>
</testsuite> <!-- advanced_selenium_basics.Adminlogin_using_XML -->
