<?xml version="1.0" encoding="UTF-8"?>
<!-- Generated by org.testng.reporters.JUnitReportReporter -->
<testsuite hostname="DESKTOP-12H3LVK" failures="0" tests="1" name="genericuility_testcases.Contactsusing_searchingorganisation" time="116.537" errors="0" timestamp="2025-05-07T11:10:00 IST" skipped="0">
  <testcase classname="genericuility_testcases.Contactsusing_searchingorganisation" name="testcase1" time="116.537"/>
</testsuite> <!-- genericuility_testcases.Contactsusing_searchingorganisation -->
