<?xml version="1.0" encoding="UTF-8"?>
<!-- Generated by org.testng.reporters.JUnitReportReporter -->
<testsuite hostname="DESKTOP-12H3LVK" failures="0" tests="1" name="advanced_selenium_basics.Writedata_into_propertyfile" time="0.082" errors="0" timestamp="2025-05-07T17:16:36 IST" skipped="0">
  <testcase classname="advanced_selenium_basics.Writedata_into_propertyfile" name="Property" time="0.082"/>
</testsuite> <!-- advanced_selenium_basics.Writedata_into_propertyfile -->
