<?xml version="1.0" encoding="UTF-8"?>
<!-- Generated by org.testng.reporters.JUnitReportReporter -->
<testsuite hostname="DESKTOP-12H3LVK" failures="0" tests="1" name="advanced_selenium_basics.Crossbrowser_testingTest" time="12.321" errors="0" timestamp="2025-04-23T11:53:37 IST" skipped="0">
  <testcase classname="advanced_selenium_basics.Crossbrowser_testingTest" name="TC" time="12.321"/>
</testsuite> <!-- advanced_selenium_basics.Crossbrowser_testingTest -->
