<?xml version="1.0" encoding="UTF-8"?>
<!-- Generated by org.testng.reporters.JUnitReportReporter -->
<testsuite hostname="DESKTOP-12H3LVK" failures="0" tests="1" name="advanced_selenium_basics.ReadtimemavenparameterTest" time="0.022" errors="0" timestamp="2025-04-24T12:49:32 IST" skipped="0">
  <testcase classname="advanced_selenium_basics.ReadtimemavenparameterTest" name="runtimeparameterTest" time="0.022"/>
</testsuite> <!-- advanced_selenium_basics.ReadtimemavenparameterTest -->
