<?xml version="1.0" encoding="UTF-8"?>
<!-- Generated by org.testng.reporters.JUnitReportReporter -->
<testsuite hostname="DESKTOP-12H3LVK" failures="0" tests="1" name="advanced_selenium_basics.Createorg_excelfileTest" time="1.260" errors="0" timestamp="2025-04-23T18:16:44 IST" skipped="0">
  <testcase classname="advanced_selenium_basics.Createorg_excelfileTest" name="TC" time="1.260"/>
</testsuite> <!-- advanced_selenium_basics.Createorg_excelfileTest -->
