<?xml version="1.0" encoding="UTF-8"?>
<!-- Generated by org.testng.reporters.JUnitReportReporter -->
<testsuite hostname="DESKTOP-12H3LVK" failures="0" tests="1" name="assignment.Sendingkeys_indifferentways" time="6.996" errors="0" timestamp="2025-05-03T14:41:27 IST" skipped="0">
  <testcase classname="assignment.Sendingkeys_indifferentways" name="HrmusingRobotclass" time="6.996"/>
</testsuite> <!-- assignment.Sendingkeys_indifferentways -->
