<?xml version="1.0" encoding="UTF-8"?>
<!-- Generated by org.testng.reporters.JUnitReportReporter -->
<testsuite hostname="DESKTOP-12H3LVK" failures="0" tests="1" name="maven_basics.MavenSampleTest" time="0.034" errors="0" timestamp="2025-04-17T12:03:53 IST" skipped="0">
  <testcase classname="maven_basics.MavenSampleTest" name="mavendemo" time="0.034"/>
</testsuite> <!-- maven_basics.MavenSampleTest -->
