<?xml version="1.0" encoding="UTF-8"?>
<!-- Generated by org.testng.reporters.JUnitReportReporter -->
<testsuite hostname="DESKTOP-12H3LVK" failures="0" tests="1" name="assignment.Webtabledata" time="6.497" errors="0" timestamp="2025-05-03T15:17:56 IST" skipped="0">
  <testcase classname="assignment.Webtabledata" name="fetchonlydataforeach" time="6.497"/>
</testsuite> <!-- assignment.Webtabledata -->
