<?xml version="1.0" encoding="UTF-8"?>
<!-- Generated by org.testng.reporters.JUnitReportReporter -->
<testsuite hostname="DESKTOP-12H3LVK" failures="0" tests="1" name="assignment.googleapps" time="7.824" errors="0" timestamp="2025-04-25T18:51:38 IST" skipped="0">
  <testcase classname="assignment.googleapps" name="google" time="7.824"/>
</testsuite> <!-- assignment.googleapps -->
